This is pdfTeX, Version 3.141592653-2.6-1.40.24 (TeX Live 2022) (preloaded format=pdflatex 2023.1.14)  14 JAN 2023 23:55
entering extended mode
 restricted \write18 enabled.
 %&-line parsing enabled.
**"research paper.tex"
(./research paper.tex
LaTeX2e <2022-11-01> patch level 1
L3 programming layer <2022-12-17>
(d:/texlive/2022/texmf-dist/tex/latex/base/article.cls
Document Class: article 2022/07/02 v1.4n Standard LaTeX document class
(d:/texlive/2022/texmf-dist/tex/latex/base/size10.clo
File: size10.clo 2022/07/02 v1.4n Standard LaTeX file (size option)
)
\c@part=\count185
\c@section=\count186
\c@subsection=\count187
\c@subsubsection=\count188
\c@paragraph=\count189
\c@subparagraph=\count190
\c@figure=\count191
\c@table=\count192
\abovecaptionskip=\skip48
\belowcaptionskip=\skip49
\bibindent=\dimen140
)
(d:/texlive/2022/texmf-dist/tex/latex/blindtext/blindtext.sty
Package: blindtext 2012/01/06 V2.0 blindtext-Package

(d:/texlive/2022/texmf-dist/tex/latex/tools/xspace.sty
Package: xspace 2014/10/28 v1.13 Space after command names (DPC,MH)
)
\c@blindtext=\count193
\c@Blindtext=\count194
\c@blind@countparstart=\count195
\blind@countxx=\count196
\blindtext@numBlindtext=\count197
\blind@countyy=\count198
\c@blindlist=\count199
\c@blindlistlevel=\count266
\c@blindlist@level=\count267
\blind@listitem=\count268
\c@blind@listcount=\count269
\c@blind@levelcount=\count270
\blind@mathformula=\count271
\blind@Mathformula=\count272
\c@blind@randomcount=\count273
\c@blind@randommax=\count274
\c@blind@pangramcount=\count275
\c@blind@pangrammax=\count276
)
(d:/texlive/2022/texmf-dist/tex/latex/psnfss/mathpazo.sty
Package: mathpazo 2020/03/25 PSNFSS-v9.3 Palatino w/ Pazo Math (D.Puga, WaS) 
\symupright=\mathgroup4
)
(d:/texlive/2022/texmf-dist/tex/latex/base/fontenc.sty
Package: fontenc 2021/04/29 v2.0v Standard LaTeX package
LaTeX Font Info:    Trying to load font information for T1+pplx on input line 1
12.

(d:/texlive/2022/texmf-dist/tex/latex/psnfss/t1pplx.fd
File: t1pplx.fd 2004/09/06 font definitions for T1/pplx.
))
(d:/texlive/2022/texmf-dist/tex/latex/microtype/microtype.sty
Package: microtype 2022/06/23 v3.0f Micro-typographical refinements (RS)

(d:/texlive/2022/texmf-dist/tex/latex/graphics/keyval.sty
Package: keyval 2022/05/29 v1.15 key=value parser (DPC)
\KV@toks@=\toks16
)
(d:/texlive/2022/texmf-dist/tex/latex/etoolbox/etoolbox.sty
Package: etoolbox 2020/10/05 v2.5k e-TeX tools for LaTeX (JAW)
\etb@tempcnta=\count277
)
\MT@toks=\toks17
\MT@tempbox=\box51
\MT@count=\count278
LaTeX Info: Redefining \noprotrusionifhmode on input line 1045.
LaTeX Info: Redefining \leftprotrusion on input line 1046.
LaTeX Info: Redefining \rightprotrusion on input line 1056.
LaTeX Info: Redefining \textls on input line 1234.
\MT@outer@kern=\dimen141
LaTeX Info: Redefining \textmicrotypecontext on input line 1858.
\MT@listname@count=\count279

(d:/texlive/2022/texmf-dist/tex/latex/microtype/microtype-pdftex.def
File: microtype-pdftex.def 2022/06/23 v3.0f Definitions specific to pdftex (RS)

LaTeX Info: Redefining \lsstyle on input line 900.
LaTeX Info: Redefining \lslig on input line 900.
\MT@outer@space=\skip50
)
Package microtype Info: Loading configuration file microtype.cfg.

(d:/texlive/2022/texmf-dist/tex/latex/microtype/microtype.cfg
File: microtype.cfg 2022/06/23 v3.0f microtype main configuration file (RS)
))
(d:/texlive/2022/texmf-dist/tex/generic/babel/babel.sty
Package: babel 2022/12/26 3.84 The Babel package
\babel@savecnt=\count280
\U@D=\dimen142
\l@unhyphenated=\language87

(d:/texlive/2022/texmf-dist/tex/generic/babel/txtbabel.def)
\bbl@readstream=\read2
\bbl@dirlevel=\count281

(d:/texlive/2022/texmf-dist/tex/generic/babel-english/english.ldf
Language: english 2017/06/06 v3.3r English support from the babel system
Package babel Info: Hyphen rules for 'canadian' set to \l@english
(babel)             (\language0). Reported on input line 102.
Package babel Info: Hyphen rules for 'australian' set to \l@ukenglish
(babel)             (\language21). Reported on input line 105.
Package babel Info: Hyphen rules for 'newzealand' set to \l@ukenglish
(babel)             (\language21). Reported on input line 108.
))
(d:/texlive/2022/texmf-dist/tex/generic/babel/locale/en/babel-english.tex
Package babel Info: Importing font and identification data for english
(babel)             from babel-en.ini. Reported on input line 11.
)
(d:/texlive/2022/texmf-dist/tex/latex/geometry/geometry.sty
Package: geometry 2020/01/02 v5.9 Page Geometry

(d:/texlive/2022/texmf-dist/tex/generic/iftex/ifvtex.sty
Package: ifvtex 2019/10/25 v1.7 ifvtex legacy package. Use iftex instead.

(d:/texlive/2022/texmf-dist/tex/generic/iftex/iftex.sty
Package: iftex 2022/02/03 v1.0f TeX engine tests
))
\Gm@cnth=\count282
\Gm@cntv=\count283
\c@Gm@tempcnt=\count284
\Gm@bindingoffset=\dimen143
\Gm@wd@mp=\dimen144
\Gm@odd@mp=\dimen145
\Gm@even@mp=\dimen146
\Gm@layoutwidth=\dimen147
\Gm@layoutheight=\dimen148
\Gm@layouthoffset=\dimen149
\Gm@layoutvoffset=\dimen150
\Gm@dimlist=\toks18
)
(d:/texlive/2022/texmf-dist/tex/latex/caption/caption.sty
Package: caption 2022/03/01 v3.6b Customizing captions (AR)

(d:/texlive/2022/texmf-dist/tex/latex/caption/caption3.sty
Package: caption3 2022/03/17 v2.3b caption3 kernel (AR)
\caption@tempdima=\dimen151
\captionmargin=\dimen152
\caption@leftmargin=\dimen153
\caption@rightmargin=\dimen154
\caption@width=\dimen155
\caption@indent=\dimen156
\caption@parindent=\dimen157
\caption@hangindent=\dimen158
Package caption Info: Standard document class detected.
)
\c@caption@flags=\count285
\c@continuedfloat=\count286
)
(d:/texlive/2022/texmf-dist/tex/latex/booktabs/booktabs.sty
Package: booktabs 2020/01/12 v1.61803398 Publication quality tables
\heavyrulewidth=\dimen159
\lightrulewidth=\dimen160
\cmidrulewidth=\dimen161
\belowrulesep=\dimen162
\belowbottomsep=\dimen163
\aboverulesep=\dimen164
\abovetopsep=\dimen165
\cmidrulesep=\dimen166
\cmidrulekern=\dimen167
\defaultaddspace=\dimen168
\@cmidla=\count287
\@cmidlb=\count288
\@aboverulesep=\dimen169
\@belowrulesep=\dimen170
\@thisruleclass=\count289
\@lastruleclass=\count290
\@thisrulewidth=\dimen171
)
(d:/texlive/2022/texmf-dist/tex/latex/lettrine/lettrine.sty
File: lettrine.sty 2022-09-25 v2.30 (Daniel Flipo)

(d:/texlive/2022/texmf-dist/tex/latex/xkeyval/xkeyval.sty
Package: xkeyval 2022/06/16 v2.9 package option processing (HA)

(d:/texlive/2022/texmf-dist/tex/generic/xkeyval/xkeyval.tex
(d:/texlive/2022/texmf-dist/tex/generic/xkeyval/xkvutils.tex
\XKV@toks=\toks19
\XKV@tempa@toks=\toks20
)
\XKV@depth=\count291
File: xkeyval.tex 2014/12/03 v2.7a key=value parser (HA)
))
(d:/texlive/2022/texmf-dist/tex/generic/minifp/minifp.sty
Package: minifp 2013/12/30 v0.96. Macros for real number operations and a stack
-based programing language.
\MFP@loopctr=\count292
)
\c@DefaultLines=\count293
\c@DefaultDepth=\count294
\DefaultFindent=\dimen172
\DefaultNindent=\dimen173
\DefaultSlope=\dimen174
\DiscardVskip=\dimen175

Loading lettrine.cfg
(d:/texlive/2022/texmf-dist/tex/latex/lettrine/lettrine.cfg)
\L@lbox=\box52
\L@tbox=\box53
\c@L@lines=\count295
\c@L@depth=\count296
\L@Pindent=\dimen176
\L@Findent=\dimen177
\L@Nindent=\dimen178
\L@lraise=\dimen179
\L@first=\dimen180
\L@next=\dimen181
\L@slope=\dimen182
\L@height=\dimen183
\L@novskip=\dimen184
\L@target@ht=\dimen185
\L@target@dp=\dimen186
\L@target@tht=\dimen187
\LettrineWidth=\dimen188
\LettrineHeight=\dimen189
\LettrineDepth=\dimen190
\Llist@everypar=\toks21
)
(d:/texlive/2022/texmf-dist/tex/latex/enumitem/enumitem.sty
Package: enumitem 2019/06/20 v3.9 Customized lists
\labelindent=\skip51
\enit@outerparindent=\dimen191
\enit@toks=\toks22
\enit@inbox=\box54
\enit@count@id=\count297
\enitdp@description=\count298
)
(d:/texlive/2022/texmf-dist/tex/latex/graphics/graphicx.sty
Package: graphicx 2021/09/16 v1.2d Enhanced LaTeX Graphics (DPC,SPQR)

(d:/texlive/2022/texmf-dist/tex/latex/graphics/graphics.sty
Package: graphics 2022/03/10 v1.4e Standard LaTeX Graphics (DPC,SPQR)

(d:/texlive/2022/texmf-dist/tex/latex/graphics/trig.sty
Package: trig 2021/08/11 v1.11 sin cos tan (DPC)
)
(d:/texlive/2022/texmf-dist/tex/latex/graphics-cfg/graphics.cfg
File: graphics.cfg 2016/06/04 v1.11 sample graphics configuration
)
Package graphics Info: Driver file: pdftex.def on input line 107.

(d:/texlive/2022/texmf-dist/tex/latex/graphics-def/pdftex.def
File: pdftex.def 2022/09/22 v1.2b Graphics/color driver for pdftex
))
\Gin@req@height=\dimen192
\Gin@req@width=\dimen193
)
(d:/texlive/2022/texmf-dist/tex/latex/graphbox/graphbox.sty
Package: graphbox 2018/01/17 v1.1 extension for graphicx to adjust containing b
ox
\Gin@box@box=\box55
\Gin@box@width=\skip52
\Gin@box@height=\skip53
\Gin@box@raise=\skip54
\Gin@box@hspace=\skip55
\Gin@box@bwidth=\skip56
\Gin@box@bheight=\skip57
)
(d:/texlive/2022/texmf-dist/tex/latex/abstract/abstract.sty
Package: abstract 2009/06/08 v1.2a configurable abstracts
\abstitleskip=\skip58
\absleftindent=\skip59
\absrightindent=\skip60
\absparindent=\skip61
\absparsep=\skip62
)
(d:/texlive/2022/texmf-dist/tex/latex/titlesec/titlesec.sty
Package: titlesec 2021/07/05 v2.14 Sectioning titles
\ttl@box=\box56
\beforetitleunit=\skip63
\aftertitleunit=\skip64
\ttl@plus=\dimen194
\ttl@minus=\dimen195
\ttl@toksa=\toks23
\titlewidth=\dimen196
\titlewidthlast=\dimen197
\titlewidthfirst=\dimen198
)
(d:/texlive/2022/texmf-dist/tex/latex/fancyhdr/fancyhdr.sty
Package: fancyhdr 2022/11/09 v4.1 Extensive control of page headers and footers

\f@nch@headwidth=\skip65
\f@nch@O@elh=\skip66
\f@nch@O@erh=\skip67
\f@nch@O@olh=\skip68
\f@nch@O@orh=\skip69
\f@nch@O@elf=\skip70
\f@nch@O@erf=\skip71
\f@nch@O@olf=\skip72
\f@nch@O@orf=\skip73
)
(d:/texlive/2022/texmf-dist/tex/latex/titling/titling.sty
Package: titling 2009/09/04 v2.1d maketitle typesetting
\thanksmarkwidth=\skip74
\thanksmargin=\skip75
\droptitle=\skip76
)
(d:/texlive/2022/texmf-dist/tex/latex/base/textcomp.sty
Package: textcomp 2020/02/02 v2.0n Standard LaTeX package
)
(d:/texlive/2022/texmf-dist/tex/latex/gensymb/gensymb.sty
Package: gensymb 2022/10/17 v1.0.2 (KJH)
)
(d:/texlive/2022/texmf-dist/tex/latex/caption/subcaption.sty
Package: subcaption 2022/01/07 v1.5 Sub-captions (AR)
\c@subfigure=\count299
\c@subtable=\count300
)
(d:/texlive/2022/texmf-dist/tex/latex/float/float.sty
Package: float 2001/11/08 v1.3d Float enhancements (AL)
\c@float@type=\count301
\float@exts=\toks24
\float@box=\box57
\@float@everytoks=\toks25
\@floatcapt=\box58
)
(d:/texlive/2022/texmf-dist/tex/latex/hyperref/hyperref.sty
Package: hyperref 2022-11-13 v7.00u Hypertext links for LaTeX

(d:/texlive/2022/texmf-dist/tex/generic/ltxcmds/ltxcmds.sty
Package: ltxcmds 2020-05-10 v1.25 LaTeX kernel commands for general use (HO)
)
(d:/texlive/2022/texmf-dist/tex/generic/pdftexcmds/pdftexcmds.sty
Package: pdftexcmds 2020-06-27 v0.33 Utility functions of pdfTeX for LuaTeX (HO
)

(d:/texlive/2022/texmf-dist/tex/generic/infwarerr/infwarerr.sty
Package: infwarerr 2019/12/03 v1.5 Providing info/warning/error messages (HO)
)
Package pdftexcmds Info: \pdf@primitive is available.
Package pdftexcmds Info: \pdf@ifprimitive is available.
Package pdftexcmds Info: \pdfdraftmode found.
)
(d:/texlive/2022/texmf-dist/tex/latex/kvsetkeys/kvsetkeys.sty
Package: kvsetkeys 2022-10-05 v1.19 Key value parser (HO)
)
(d:/texlive/2022/texmf-dist/tex/generic/kvdefinekeys/kvdefinekeys.sty
Package: kvdefinekeys 2019-12-19 v1.6 Define keys (HO)
)
(d:/texlive/2022/texmf-dist/tex/generic/pdfescape/pdfescape.sty
Package: pdfescape 2019/12/09 v1.15 Implements pdfTeX's escape features (HO)
)
(d:/texlive/2022/texmf-dist/tex/latex/hycolor/hycolor.sty
Package: hycolor 2020-01-27 v1.10 Color options for hyperref/bookmark (HO)
)
(d:/texlive/2022/texmf-dist/tex/latex/letltxmacro/letltxmacro.sty
Package: letltxmacro 2019/12/03 v1.6 Let assignment for LaTeX macros (HO)
)
(d:/texlive/2022/texmf-dist/tex/latex/auxhook/auxhook.sty
Package: auxhook 2019-12-17 v1.6 Hooks for auxiliary files (HO)
)
(d:/texlive/2022/texmf-dist/tex/latex/hyperref/nameref.sty
Package: nameref 2022-05-17 v2.50 Cross-referencing by name of section

(d:/texlive/2022/texmf-dist/tex/latex/refcount/refcount.sty
Package: refcount 2019/12/15 v3.6 Data extraction from label references (HO)
)
(d:/texlive/2022/texmf-dist/tex/generic/gettitlestring/gettitlestring.sty
Package: gettitlestring 2019/12/15 v1.6 Cleanup title references (HO)

(d:/texlive/2022/texmf-dist/tex/latex/kvoptions/kvoptions.sty
Package: kvoptions 2022-06-15 v3.15 Key value format for package options (HO)
))
\c@section@level=\count302
)
\@linkdim=\dimen199
\Hy@linkcounter=\count303
\Hy@pagecounter=\count304

(d:/texlive/2022/texmf-dist/tex/latex/hyperref/pd1enc.def
File: pd1enc.def 2022-11-13 v7.00u Hyperref: PDFDocEncoding definition (HO)
Now handling font encoding PD1 ...
... no UTF-8 mapping file for font encoding PD1
)
(d:/texlive/2022/texmf-dist/tex/generic/intcalc/intcalc.sty
Package: intcalc 2019/12/15 v1.3 Expandable calculations with integers (HO)
)
(d:/texlive/2022/texmf-dist/tex/generic/etexcmds/etexcmds.sty
Package: etexcmds 2019/12/15 v1.7 Avoid name clashes with e-TeX commands (HO)
)
\Hy@SavedSpaceFactor=\count305

(d:/texlive/2022/texmf-dist/tex/latex/hyperref/puenc.def
File: puenc.def 2022-11-13 v7.00u Hyperref: PDF Unicode definition (HO)
Now handling font encoding PU ...
... no UTF-8 mapping file for font encoding PU
)
Package hyperref Info: Hyper figures OFF on input line 4162.
Package hyperref Info: Link nesting OFF on input line 4167.
Package hyperref Info: Hyper index ON on input line 4170.
Package hyperref Info: Plain pages OFF on input line 4177.
Package hyperref Info: Backreferencing OFF on input line 4182.
Package hyperref Info: Implicit mode ON; LaTeX internals redefined.
Package hyperref Info: Bookmarks ON on input line 4410.
\c@Hy@tempcnt=\count306

(d:/texlive/2022/texmf-dist/tex/latex/url/url.sty
\Urlmuskip=\muskip16
Package: url 2013/09/16  ver 3.4  Verb mode for urls, etc.
)
LaTeX Info: Redefining \url on input line 4748.
\XeTeXLinkMargin=\dimen256

(d:/texlive/2022/texmf-dist/tex/generic/bitset/bitset.sty
Package: bitset 2019/12/09 v1.3 Handle bit-vector datatype (HO)

(d:/texlive/2022/texmf-dist/tex/generic/bigintcalc/bigintcalc.sty
Package: bigintcalc 2019/12/15 v1.5 Expandable calculations on big integers (HO
)
))
\Fld@menulength=\count307
\Field@Width=\dimen257
\Fld@charsize=\dimen258
Package hyperref Info: Hyper figures OFF on input line 6027.
Package hyperref Info: Link nesting OFF on input line 6032.
Package hyperref Info: Hyper index ON on input line 6035.
Package hyperref Info: backreferencing OFF on input line 6042.
Package hyperref Info: Link coloring OFF on input line 6047.
Package hyperref Info: Link coloring with OCG OFF on input line 6052.
Package hyperref Info: PDF/A mode OFF on input line 6057.

(d:/texlive/2022/texmf-dist/tex/latex/base/atbegshi-ltx.sty
Package: atbegshi-ltx 2021/01/10 v1.0c Emulation of the original atbegshi
package with kernel methods
)
\Hy@abspage=\count308
\c@Item=\count309
\c@Hfootnote=\count310
)
Package hyperref Info: Driver (autodetected): hpdftex.

(d:/texlive/2022/texmf-dist/tex/latex/hyperref/hpdftex.def
File: hpdftex.def 2022-11-13 v7.00u Hyperref driver for pdfTeX

(d:/texlive/2022/texmf-dist/tex/latex/base/atveryend-ltx.sty
Package: atveryend-ltx 2020/08/19 v1.0a Emulation of the original atveryend pac
kage
with kernel methods
)
\Fld@listcount=\count311
\c@bookmark@seq@number=\count312

(d:/texlive/2022/texmf-dist/tex/latex/rerunfilecheck/rerunfilecheck.sty
Package: rerunfilecheck 2022-07-10 v1.10 Rerun checks for auxiliary files (HO)

(d:/texlive/2022/texmf-dist/tex/generic/uniquecounter/uniquecounter.sty
Package: uniquecounter 2019/12/15 v1.4 Provide unlimited unique counter (HO)
)
Package uniquecounter Info: New unique counter `rerunfilecheck' on input line 2
85.
)
\Hy@SectionHShift=\skip77
)
(d:/texlive/2022/texmf-dist/tex/latex/l3backend/l3backend-pdftex.def
File: l3backend-pdftex.def 2022-10-26 L3 backend support: PDF output (pdfTeX)
\l__color_backend_stack_int=\count313
\l__pdf_internal_box=\box59
)
(./research paper.aux)
\openout1 = `"research paper.aux"'.

LaTeX Font Info:    Checking defaults for OML/cmm/m/it on input line 94.
LaTeX Font Info:    ... okay on input line 94.
LaTeX Font Info:    Checking defaults for OMS/cmsy/m/n on input line 94.
LaTeX Font Info:    ... okay on input line 94.
LaTeX Font Info:    Checking defaults for OT1/cmr/m/n on input line 94.
LaTeX Font Info:    ... okay on input line 94.
LaTeX Font Info:    Checking defaults for T1/cmr/m/n on input line 94.
LaTeX Font Info:    ... okay on input line 94.
LaTeX Font Info:    Checking defaults for TS1/cmr/m/n on input line 94.
LaTeX Font Info:    ... okay on input line 94.
LaTeX Font Info:    Checking defaults for OMX/cmex/m/n on input line 94.
LaTeX Font Info:    ... okay on input line 94.
LaTeX Font Info:    Checking defaults for U/cmr/m/n on input line 94.
LaTeX Font Info:    ... okay on input line 94.
LaTeX Font Info:    Checking defaults for PD1/pdf/m/n on input line 94.
LaTeX Font Info:    ... okay on input line 94.
LaTeX Font Info:    Checking defaults for PU/pdf/m/n on input line 94.
LaTeX Font Info:    ... okay on input line 94.
\big@size=\dimen259
LaTeX Info: Redefining \microtypecontext on input line 94.
Package microtype Info: Applying patch `item' on input line 94.
Package microtype Info: Applying patch `toc' on input line 94.
Package microtype Info: Applying patch `eqnum' on input line 94.
Package microtype Info: Applying patch `footnote' on input line 94.
Package microtype Info: Generating PDF output.
Package microtype Info: Character protrusion enabled (level 2).
Package microtype Info: Using default protrusion set `alltext'.
Package microtype Info: Automatic font expansion enabled (level 2),
(microtype)             stretch: 20, shrink: 20, step: 1, non-selected.
Package microtype Info: Using default expansion set `alltext-nott'.
LaTeX Info: Redefining \showhyphens on input line 94.
Package microtype Info: No adjustment of tracking.
Package microtype Info: No adjustment of interword spacing.
Package microtype Info: No adjustment of character kerning.

(d:/texlive/2022/texmf-dist/tex/latex/microtype/mt-ppl.cfg
File: mt-ppl.cfg 2005/11/16 v1.6 microtype config. file: Palatino (RS)
)
*geometry* driver: auto-detecting
*geometry* detected driver: pdftex
*geometry* verbose mode - [ preamble ] result:
* driver: pdftex
* paper: <default>
* layout: <same size as paper>
* layoutoffset:(h,v)=(0.0pt,0.0pt)
* hratio: 1:1
* modes: twoside 
* h-part:(L,W,R)=(92.14519pt, 430.00462pt, 92.14519pt)
* v-part:(T,H,B)=(91.04881pt, 608.5238pt, 95.39737pt)
* \paperwidth=614.295pt
* \paperheight=794.96999pt
* \textwidth=430.00462pt
* \textheight=608.5238pt
* \oddsidemargin=19.8752pt
* \evensidemargin=19.8752pt
* \topmargin=-18.22118pt
* \headheight=12.0pt
* \headsep=25.0pt
* \topskip=10.0pt
* \footskip=30.0pt
* \marginparwidth=121.0pt
* \marginparsep=11.0pt
* \columnsep=20.0pt
* \skip\footins=9.0pt plus 4.0pt minus 2.0pt
* \hoffset=0.0pt
* \voffset=0.0pt
* \mag=1000
* \@twocolumnfalse
* \@twosidetrue
* \@mparswitchtrue
* \@reversemarginfalse
* (1in=72.27pt=25.4mm, 1cm=28.453pt)

Package caption Info: Begin \AtBeginDocument code.
Package caption Info: float package is loaded.
Package caption Info: hyperref package is loaded.
Package caption Info: End \AtBeginDocument code.
(d:/texlive/2022/texmf-dist/tex/context/base/mkii/supp-pdf.mkii
[Loading MPS to PDF converter (version 2006.09.02).]
\scratchcounter=\count314
\scratchdimen=\dimen260
\scratchbox=\box60
\nofMPsegments=\count315
\nofMParguments=\count316
\everyMPshowfont=\toks26
\MPscratchCnt=\count317
\MPscratchDim=\dimen261
\MPnumerator=\count318
\makeMPintoPDFobject=\count319
\everyMPtoPDFconversion=\toks27
) (d:/texlive/2022/texmf-dist/tex/latex/epstopdf-pkg/epstopdf-base.sty
Package: epstopdf-base 2020-01-24 v2.11 Base part for package epstopdf
Package epstopdf-base Info: Redefining graphics rule for `.eps' on input line 4
85.

(d:/texlive/2022/texmf-dist/tex/latex/latexconfig/epstopdf-sys.cfg
File: epstopdf-sys.cfg 2010/07/13 v1.3 Configuration of (r)epstopdf for TeX Liv
e
))
\symgns@font=\mathgroup5
LaTeX Font Info:    Overwriting symbol font `gns@font' in version `bold'
(Font)                  TS1/pplx/m/n --> TS1/pplx/b/n on input line 94.
Package gensymb Info: Math companion symbols declared on input line 94.
LaTeX Info: Redefining \degree on input line 94.
LaTeX Info: Redefining \celsius on input line 94.
Package gensymb Info: Using text companion symbols for \degree, \celsius and \p
erthousand on input line 94.
LaTeX Info: Redefining \ohm on input line 94.
Package gensymb Info: Using \textohm for \ohm on input line 94.
Package gensymb Info: Using \textmu for \micro on input line 94.
Package hyperref Info: Link coloring OFF on input line 94.

(./research paper.out) (./research paper.out)
\@outlinefile=\write3
\openout3 = `"research paper.out"'.

LaTeX Font Info:    Trying to load font information for OT1+pplx on input line 
98.

(d:/texlive/2022/texmf-dist/tex/latex/psnfss/ot1pplx.fd
File: ot1pplx.fd 2004/09/06 font definitions for OT1/pplx.
)
LaTeX Font Info:    Trying to load font information for OML+zplm on input line 
98.

(d:/texlive/2022/texmf-dist/tex/latex/psnfss/omlzplm.fd
File: omlzplm.fd 2002/09/08 Fontinst v1.914 font definitions for OML/zplm.
)
LaTeX Font Info:    Trying to load font information for OMS+zplm on input line 
98.

(d:/texlive/2022/texmf-dist/tex/latex/psnfss/omszplm.fd
File: omszplm.fd 2002/09/08 Fontinst v1.914 font definitions for OMS/zplm.
)
LaTeX Font Info:    Trying to load font information for OMX+zplm on input line 
98.

(d:/texlive/2022/texmf-dist/tex/latex/psnfss/omxzplm.fd
File: omxzplm.fd 2002/09/08 Fontinst v1.914 font definitions for OMX/zplm.
)
LaTeX Font Info:    Trying to load font information for OT1+zplm on input line 
98.

(d:/texlive/2022/texmf-dist/tex/latex/psnfss/ot1zplm.fd
File: ot1zplm.fd 2002/09/08 Fontinst v1.914 font definitions for OT1/zplm.
)
Package microtype Info: Loading generic protrusion settings for font family
(microtype)             `zplm' (encoding: OT1).
(microtype)             For optimal results, create family-specific settings.
(microtype)             See the microtype manual for details.
LaTeX Font Info:    Trying to load font information for TS1+pplx on input line 
98.

(d:/texlive/2022/texmf-dist/tex/latex/psnfss/ts1pplx.fd
File: ts1pplx.fd 2004/09/06 font definitions for TS1/pplx.
)
Package microtype Info: Character `029' is missing
(microtype)             in font `T1/pplx/m/sc/12'.
(microtype)             Ignoring protrusion settings for this character.
Package microtype Info: Character `029' is missing
(microtype)             in font `T1/pplx/m/sc/10'.
(microtype)             Ignoring protrusion settings for this character.
Package lettrine.sty Info: Targeted height = 30.07506pt
(lettrine.sty)             (for loversize=0, accent excluded),
(lettrine.sty)             Lettrine height = 30.07518pt (E);
(lettrine.sty)             reported on input line 105.
 [1

{d:/texlive/2022/texmf-var/fonts/map/pdftex/updmap/pdftex.map}]
<images//overall_structure.jpg, id=90, 384.345pt x 209.583pt>
File: images//overall_structure.jpg Graphic file (type jpg)
<use images//overall_structure.jpg>
Package pdftex.def Info: images//overall_structure.jpg  used on input line 118.

(pdftex.def)             Requested size: 384.34406pt x 209.58247pt.

Underfull \vbox (badness 6316) has occurred while \output is active []

 [2 <./images//overall_structure.jpg>]
<images//silicon_body_half.png, id=97, 161.8848pt x 155.6214pt>
File: images//silicon_body_half.png Graphic file (type png)
<use images//silicon_body_half.png>
Package pdftex.def Info: images//silicon_body_half.png  used on input line 129.

(pdftex.def)             Requested size: 121.4133pt x 116.71574pt.
<images//silicon_body.png, id=99, 138.2766pt x 155.1396pt>
File: images//silicon_body.png Graphic file (type png)
<use images//silicon_body.png>
Package pdftex.def Info: images//silicon_body.png  used on input line 130.
(pdftex.def)             Requested size: 103.70718pt x 116.3544pt.
<images//spring.jpg, id=100, 117.2745pt x 87.7095pt>
File: images//spring.jpg Graphic file (type jpg)
<use images//spring.jpg>
Package pdftex.def Info: images//spring.jpg  used on input line 137.
(pdftex.def)             Requested size: 117.2742pt x 87.70927pt.
<images//silicon_with_spring.jpg, id=101, 109.719pt x 116.946pt>
File: images//silicon_with_spring.jpg Graphic file (type jpg)
<use images//silicon_with_spring.jpg>
Package pdftex.def Info: images//silicon_with_spring.jpg  used on input line 14
3.
(pdftex.def)             Requested size: 109.7187pt x 116.94571pt.
<images//acrylic_plate_cad.png, id=102, 446.41782pt x 307.90031pt>
File: images//acrylic_plate_cad.png Graphic file (type png)
<use images//acrylic_plate_cad.png>
Package pdftex.def Info: images//acrylic_plate_cad.png  used on input line 153.

(pdftex.def)             Requested size: 223.20836pt x 153.94977pt.

Underfull \vbox (badness 2799) has occurred while \output is active []

 [3 <./images//silicon_body_half.png> <./images//silicon_body.png> <./images//s
pring.jpg> <./images//silicon_with_spring.jpg>]
<images//wall4.png, id=110, 328.1715pt x 153.081pt>
File: images//wall4.png Graphic file (type png)
<use images//wall4.png>
Package pdftex.def Info: images//wall4.png  used on input line 181.
(pdftex.def)             Requested size: 246.12799pt x 114.81046pt.
<images//wall5.png, id=111, 327.624pt x 152.36925pt>
File: images//wall5.png Graphic file (type png)
<use images//wall5.png>
Package pdftex.def Info: images//wall5.png  used on input line 182.
(pdftex.def)             Requested size: 245.71738pt x 114.27664pt.
<images//wall6.png, id=112, 328.22626pt x 152.9715pt>
File: images//wall6.png Graphic file (type png)
<use images//wall6.png>
Package pdftex.def Info: images//wall6.png  used on input line 183.
(pdftex.def)             Requested size: 246.16908pt x 114.72832pt.

Underfull \vbox (badness 10000) has occurred while \output is active []

 [4 <./images//acrylic_plate_cad.png>]
<images//d14.png, id=120, 355.3275pt x 165.61874pt>
File: images//d14.png Graphic file (type png)
<use images//d14.png>
Package pdftex.def Info: images//d14.png  used on input line 212.
(pdftex.def)             Requested size: 266.49495pt x 124.21375pt.
<images//d15.png, id=121, 357.7365pt x 166.82326pt>
File: images//d15.png Graphic file (type png)
<use images//d15.png>
Package pdftex.def Info: images//d15.png  used on input line 214.
(pdftex.def)             Requested size: 268.3017pt x 125.11713pt.
<images//d16.png, id=122, 347.49825pt x 162.6075pt>
File: images//d16.png Graphic file (type png)
<use images//d16.png>
Package pdftex.def Info: images//d16.png  used on input line 216.
(pdftex.def)             Requested size: 260.62303pt x 121.95532pt.

Underfull \vbox (badness 10000) has occurred while \output is active []

 [5 <./images//wall4.png> <./images//wall5.png> <./images//wall6.png>] [6 <./im
ages//d14.png> <./images//d15.png> <./images//d16.png>]
<images//pla.jpg, id=140, 195.129pt x 146.511pt>
File: images//pla.jpg Graphic file (type jpg)
<use images//pla.jpg>
Package pdftex.def Info: images//pla.jpg  used on input line 236.
(pdftex.def)             Requested size: 171.99922pt x 129.14467pt.
<images//mill_bit.jpg, id=141, 158.337pt x 79.8255pt>
File: images//mill_bit.jpg Graphic file (type jpg)
<use images//mill_bit.jpg>
Package pdftex.def Info: images//mill_bit.jpg  used on input line 242.
(pdftex.def)             Requested size: 171.99922pt x 86.71693pt.
<images//mill_bit_closed.jpg, id=142, 158.337pt x 79.1685pt>
File: images//mill_bit_closed.jpg Graphic file (type jpg)
<use images//mill_bit_closed.jpg>
Package pdftex.def Info: images//mill_bit_closed.jpg  used on input line 243.
(pdftex.def)             Requested size: 171.99922pt x 86.00322pt.
<images//top_v1.png, id=143, 170.0754pt x 136.3494pt>
File: images//top_v1.png Graphic file (type png)
<use images//top_v1.png>
Package pdftex.def Info: images//top_v1.png  used on input line 258.
(pdftex.def)             Requested size: 141.9023pt x 113.77122pt.
<images//bottom_v1.png, id=144, 181.1568pt x 137.313pt>
File: images//bottom_v1.png Graphic file (type png)
<use images//bottom_v1.png>
Package pdftex.def Info: images//bottom_v1.png  used on input line 263.
(pdftex.def)             Requested size: 141.9023pt x 107.55836pt.
<images//plate_cad.png, id=145, 227.8914pt x 135.8676pt>
File: images//plate_cad.png Graphic file (type png)
<use images//plate_cad.png>
Package pdftex.def Info: images//plate_cad.png  used on input line 268.
(pdftex.def)             Requested size: 141.9023pt x 84.59982pt.
<images//top_bottom_printed.jpg, id=146, 113.7048pt x 109.3686pt>
File: images//top_bottom_printed.jpg Graphic file (type jpg)
<use images//top_bottom_printed.jpg>
Package pdftex.def Info: images//top_bottom_printed.jpg  used on input line 274
.
(pdftex.def)             Requested size: 141.9023pt x 136.49178pt.
<images//cover_plate_cnc.jpg, id=147, 169.5936pt x 110.814pt>
File: images//cover_plate_cnc.jpg Graphic file (type jpg)
<use images//cover_plate_cnc.jpg>
Package pdftex.def Info: images//cover_plate_cnc.jpg  used on input line 279.
(pdftex.def)             Requested size: 141.9023pt x 92.72801pt.
<images//assembled_v1.jpg, id=148, 130.086pt x 164.7756pt>
File: images//assembled_v1.jpg Graphic file (type jpg)
<use images//assembled_v1.jpg>
Package pdftex.def Info: images//assembled_v1.jpg  used on input line 284.
(pdftex.def)             Requested size: 141.9023pt x 179.75267pt.

Underfull \vbox (badness 10000) has occurred while \output is active []

 [7 <./images//pla.jpg> <./images//mill_bit.jpg> <./images//mill_bit_closed.jpg
>]
<images//mold v2.png, id=155, 365.6862pt x 144.0582pt>
File: images//mold v2.png Graphic file (type png)
<use images//mold v2.png>
Package pdftex.def Info: images//mold v2.png  used on input line 296.
(pdftex.def)             Requested size: 365.6853pt x 144.05783pt.

Underfull \vbox (badness 10000) has occurred while \output is active []

 [8 <./images//top_v1.png> <./images//bottom_v1.png> <./images//plate_cad.png> 
<./images//top_bottom_printed.jpg> <./images//cover_plate_cnc.jpg> <./images//a
ssembled_v1.jpg>]
<images//mold_v3.png, id=164, 220.1826pt x 159.4758pt>
File: images//mold_v3.png Graphic file (type png)
<use images//mold_v3.png>
Package pdftex.def Info: images//mold_v3.png  used on input line 306.
(pdftex.def)             Requested size: 215.0023pt x 155.7304pt.
<images//sealing_v3.png, id=165, 171.1485pt x 97.5645pt>
File: images//sealing_v3.png Graphic file (type png)
<use images//sealing_v3.png>
Package pdftex.def Info: images//sealing_v3.png  used on input line 311.
(pdftex.def)             Requested size: 215.0023pt x 122.56863pt.
<images//mold_v4.png, id=166, 302.5485pt x 172.134pt>
File: images//mold_v4.png Graphic file (type png)
<use images//mold_v4.png>
Package pdftex.def Info: images//mold_v4.png  used on input line 323.
(pdftex.def)             Requested size: 215.0023pt x 122.32367pt.
<images//assembled_v4.png, id=167, 209.2545pt x 152.7525pt>
File: images//assembled_v4.png Graphic file (type png)
<use images//assembled_v4.png>
Package pdftex.def Info: images//assembled_v4.png  used on input line 328.
(pdftex.def)             Requested size: 215.0023pt x 156.9499pt.

Underfull \vbox (badness 8000) has occurred while \output is active []

 [9 <./images//mold v2.png> <./images//mold_v3.png> <./images//sealing_v3.png>]
<images//air_connection.jpg, id=177, 108.0765pt x 109.3905pt>
File: images//air_connection.jpg Graphic file (type jpg)
<use images//air_connection.jpg>
Package pdftex.def Info: images//air_connection.jpg  used on input line 344.
(pdftex.def)             Requested size: 141.9023pt x 143.64478pt.
<images//air_pump.jpg, id=178, 168.192pt x 126.144pt>
File: images//air_pump.jpg Graphic file (type jpg)
<use images//air_pump.jpg>
Package pdftex.def Info: images//air_pump.jpg  used on input line 349.
(pdftex.def)             Requested size: 141.9023pt x 106.42795pt.
<images//pvc_tubing.jpg, id=179, 164.5785pt x 124.83pt>
File: images//pvc_tubing.jpg Graphic file (type jpg)
<use images//pvc_tubing.jpg>
Package pdftex.def Info: images//pvc_tubing.jpg  used on input line 354.
(pdftex.def)             Requested size: 107.50114pt x 81.54042pt.
<images//solenoid valve.jpg, id=180, 176.733pt x 131.0715pt>
File: images//solenoid valve.jpg Graphic file (type jpg)
<use images//solenoid valve.jpg>
Package pdftex.def Info: images//solenoid valve.jpg  used on input line 360.
(pdftex.def)             Requested size: 141.9023pt x 105.24733pt.
<images//valve.png, id=181, 237.834pt x 135.0135pt>
File: images//valve.png Graphic file (type png)
<use images//valve.png>
Package pdftex.def Info: images//valve.png  used on input line 365.
(pdftex.def)             Requested size: 141.9023pt x 80.55548pt.
<images//valve_section.png, id=182, 233.5635pt x 133.0425pt>
File: images//valve_section.png Graphic file (type png)
<use images//valve_section.png>
Package pdftex.def Info: images//valve_section.png  used on input line 370.
(pdftex.def)             Requested size: 141.9023pt x 80.82895pt.

Underfull \vbox (badness 10000) has occurred while \output is active []

 [10 <./images//mold_v4.png> <./images//assembled_v4.png>]

pdfTeX warning: pdflatex.exe (file ./images//pneumatic circuit design.pdf): PDF
 inclusion: found PDF version <1.7>, but at most version <1.5> allowed
<images//pneumatic circuit design.pdf, id=190, 1056.30891pt x 746.88484pt>
File: images//pneumatic circuit design.pdf Graphic file (type pdf)
<use images//pneumatic circuit design.pdf>
Package pdftex.def Info: images//pneumatic circuit design.pdf  used on input li
ne 378.
(pdftex.def)             Requested size: 430.00462pt x 304.04803pt.

Underfull \vbox (badness 10000) has occurred while \output is active []

 [11 <./images//air_connection.jpg> <./images//air_pump.jpg> <./images//pvc_tub
ing.jpg> <./images//solenoid valve.jpg> <./images//valve.png> <./images//valve_
section.png>]
<images//completed_snake.jpg, id=199, 315.6885pt x 236.8485pt>
File: images//completed_snake.jpg Graphic file (type jpg)
<use images//completed_snake.jpg>
Package pdftex.def Info: images//completed_snake.jpg  used on input line 387.
(pdftex.def)             Requested size: 315.68773pt x 236.84792pt.

Underfull \vbox (badness 10000) has occurred while \output is active []

 [12 <./images//pneumatic circuit design.pdf>]
<images//half_tire_cad.png, id=222, 343.611pt x 201.3705pt>
File: images//half_tire_cad.png Graphic file (type png)
<use images//half_tire_cad.png>
Package pdftex.def Info: images//half_tire_cad.png  used on input line 401.
(pdftex.def)             Requested size: 215.0023pt x 126.00066pt.
<images//full_tire.jpg, id=223, 208.5975pt x 141.255pt>
File: images//full_tire.jpg Graphic file (type jpg)
<use images//full_tire.jpg>
Package pdftex.def Info: images//full_tire.jpg  used on input line 406.
(pdftex.def)             Requested size: 215.0023pt x 145.59341pt.

Underfull \vbox (badness 10000) has occurred while \output is active []

 [13 <./images//completed_snake.jpg>]
<images//wiring_diagram.png, id=230, 455.301pt x 112.0185pt>
File: images//wiring_diagram.png Graphic file (type png)
<use images//wiring_diagram.png>
Package pdftex.def Info: images//wiring_diagram.png  used on input line 420.
(pdftex.def)             Requested size: 430.00462pt x 105.79819pt.
<images//electric circuit diagram.pdf, id=231, 794.97pt x 614.295pt>
File: images//electric circuit diagram.pdf Graphic file (type pdf)
<use images//electric circuit diagram.pdf>
Package pdftex.def Info: images//electric circuit diagram.pdf  used on input li
ne 425.
(pdftex.def)             Requested size: 430.00462pt x 332.28613pt.

Underfull \vbox (badness 10000) has occurred while \output is active []

 [14 <./images//half_tire_cad.png> <./images//full_tire.jpg> <./images//wiring_
diagram.png>]
Underfull \vbox (badness 10000) has occurred while \output is active []

 [15 <./images//electric circuit diagram.pdf>] [16] (./research paper.aux)
Package rerunfilecheck Info: File `"research paper".out' has not changed.
(rerunfilecheck)             Checksum: 6E05BBFD9E993334275E3F61EABD7354;2459.
 ) 
Here is how much of TeX's memory you used:
 16565 strings out of 476093
 272820 string characters out of 5795577
 1865787 words of memory out of 5000000
 36191 multiletter control sequences out of 15000+600000
 595270 words of font info for 398 fonts, out of 8000000 for 9000
 1141 hyphenation exceptions out of 8191
 72i,14n,78p,1350b,662s stack positions out of 10000i,1000n,20000p,200000b,200000s
{d:/texlive/2022/texmf-dist/fonts/enc/dvips/base/8r.enc}<d:/texlive/2022/texm
f-dist/fonts/type1/public/amsfonts/cm/cmsy10.pfb><d:/texlive/2022/texmf-dist/fo
nts/type1/public/fpl/fplrc8a.pfb><d:/texlive/2022/texmf-dist/fonts/type1/urw/pa
latino/uplb8a.pfb><d:/texlive/2022/texmf-dist/fonts/type1/urw/palatino/uplr8a.p
fb><d:/texlive/2022/texmf-dist/fonts/type1/urw/palatino/uplri8a.pfb>
Output written on "research paper.pdf" (16 pages, 3687883 bytes).
PDF statistics:
 305 PDF objects out of 1000 (max. 8388607)
 211 compressed objects within 3 object streams
 57 named destinations out of 1000 (max. 500000)
 139607 words of extra memory for PDF output out of 154059 (max. 10000000)

