Analysis initiated from SIMULIA established products
Abaqus JOB d14
Abaqus 2022
Abaqus License Manager checked out the following licenses:
Abaqus/Standard checked out 12 tokens from Flexnet server localhost.
<9987 out of 9999 licenses remain available>.
Begin Analysis Input File Processor
11/11/2022 4:04:52 PM
Run pre.exe
11/11/2022 4:05:08 PM
End Analysis Input File Processor
Begin Abaqus/Standard Analysis
11/11/2022 4:05:08 PM
Run standard.exe
11/11/2022 4:07:52 PM
End Abaqus/Standard Analysis
Begin SIM Wrap-up
11/11/2022 4:07:53 PM
Run SMASimUtility.exe
11/11/2022 4:07:53 PM
End SIM Wrap-up
Abaqus JOB d14 COMPLETED
