Analysis initiated from SIMULIA established products
Abaqus JOB Job-1
Abaqus 2022
Abaqus License Manager checked out the following licenses:
Abaqus/Standard checked out 12 tokens from Flexnet server localhost.
<9987 out of 9999 licenses remain available>.
Begin Analysis Input File Processor
11/11/2022 1:07:35 PM
Run pre.exe
11/11/2022 1:07:51 PM
End Analysis Input File Processor
Begin Abaqus/Standard Analysis
11/11/2022 1:07:51 PM
Run standard.exe
11/11/2022 1:16:00 PM
Abaqus Error: Abaqus/Standard Analysis exited with an error - Please see the 
message file for possible error messages if the file exists.
Begin SIM Wrap-up
11/11/2022 1:16:01 PM
Run SMASimUtility.exe
11/11/2022 1:16:02 PM
End SIM Wrap-up
Abaqus/Analysis exited with errors
