Analysis initiated from SIMULIA established products
Abaqus JOB one-chamber
Abaqus 2022
Abaqus License Manager checked out the following licenses:
Abaqus/Standard checked out 12 tokens from Flexnet server localhost.
<9987 out of 9999 licenses remain available>.
Begin Analysis Input File Processor
11/11/2022 11:25:44 AM
Run pre.exe
11/11/2022 11:26:00 AM
End Analysis Input File Processor
Begin Abaqus/Standard Analysis
11/11/2022 11:26:00 AM
Run standard.exe
11/11/2022 11:28:04 AM
End Abaqus/Standard Analysis
Begin SIM Wrap-up
11/11/2022 11:28:05 AM
Run SMASimUtility.exe
11/11/2022 11:28:05 AM
End SIM Wrap-up
Abaqus JOB one-chamber COMPLETED
