Analysis initiated from SIMULIA established products
Abaqus JOB two-chamber
Abaqus 2022
Abaqus License Manager checked out the following licenses:
Abaqus/Standard checked out 12 tokens from Flexnet server localhost.
<9987 out of 9999 licenses remain available>.
Begin Analysis Input File Processor
11/11/2022 12:02:33 PM
Run pre.exe
11/11/2022 12:02:49 PM
End Analysis Input File Processor
Begin Abaqus/Standard Analysis
11/11/2022 12:02:49 PM
Run standard.exe
11/11/2022 12:10:42 PM
Abaqus Error: Abaqus/Standard Analysis exited with an error - Please see the 
message file for possible error messages if the file exists.
Begin SIM Wrap-up
11/11/2022 12:10:44 PM
Run SMASimUtility.exe
11/11/2022 12:10:44 PM
End SIM Wrap-up
Abaqus/Analysis exited with errors
